Determining if the Q_WS_WIN exist failed with the following output:
Change Dir: /home/xaqq/wott/server/source/build/CMakeFiles/CMakeTmp

Run Build Command:/usr/bin/make "cmTryCompileExec2453696012/fast"
/usr/bin/make -f CMakeFiles/cmTryCompileExec2453696012.dir/build.make CMakeFiles/cmTryCompileExec2453696012.dir/build
make[1]: Entering directory `/home/xaqq/wott/server/source/build/CMakeFiles/CMakeTmp'
/usr/bin/cmake -E cmake_progress_report /home/xaqq/wott/server/source/build/CMakeFiles/CMakeTmp/CMakeFiles 1
Building CXX object CMakeFiles/cmTryCompileExec2453696012.dir/CheckSymbolExists.cxx.o
/usr/bin/c++    -I/usr/include/qt4    -o CMakeFiles/cmTryCompileExec2453696012.dir/CheckSymbolExists.cxx.o -c /home/xaqq/wott/server/source/build/CMakeFiles/CMakeTmp/CheckSymbolExists.cxx
/home/xaqq/wott/server/source/build/CMakeFiles/CMakeTmp/CheckSymbolExists.cxx: In function ‘int main(int, char**)’:
/home/xaqq/wott/server/source/build/CMakeFiles/CMakeTmp/CheckSymbolExists.cxx:8:19: error: ‘Q_WS_WIN’ was not declared in this scope
make[1]: Leaving directory `/home/xaqq/wott/server/source/build/CMakeFiles/CMakeTmp'
make[1]: *** [CMakeFiles/cmTryCompileExec2453696012.dir/CheckSymbolExists.cxx.o] Error 1
make: *** [cmTryCompileExec2453696012/fast] Error 2

File /home/xaqq/wott/server/source/build/CMakeFiles/CMakeTmp/CheckSymbolExists.cxx:
/* */
#include <QtCore/qglobal.h>

int main(int argc, char** argv)
{
  (void)argv;
#ifndef Q_WS_WIN
  return ((int*)(&Q_WS_WIN))[argc];
#else
  (void)argc;
  return 0;
#endif
}

Determining if the Q_WS_QWS exist failed with the following output:
Change Dir: /home/xaqq/wott/server/source/build/CMakeFiles/CMakeTmp

Run Build Command:/usr/bin/make "cmTryCompileExec680070061/fast"
/usr/bin/make -f CMakeFiles/cmTryCompileExec680070061.dir/build.make CMakeFiles/cmTryCompileExec680070061.dir/build
make[1]: Entering directory `/home/xaqq/wott/server/source/build/CMakeFiles/CMakeTmp'
/usr/bin/cmake -E cmake_progress_report /home/xaqq/wott/server/source/build/CMakeFiles/CMakeTmp/CMakeFiles 1
Building CXX object CMakeFiles/cmTryCompileExec680070061.dir/CheckSymbolExists.cxx.o
/usr/bin/c++    -I/usr/include/qt4    -o CMakeFiles/cmTryCompileExec680070061.dir/CheckSymbolExists.cxx.o -c /home/xaqq/wott/server/source/build/CMakeFiles/CMakeTmp/CheckSymbolExists.cxx
/home/xaqq/wott/server/source/build/CMakeFiles/CMakeTmp/CheckSymbolExists.cxx: In function ‘int main(int, char**)’:
/home/xaqq/wott/server/source/build/CMakeFiles/CMakeTmp/CheckSymbolExists.cxx:8:19: error: ‘Q_WS_QWS’ was not declared in this scope
make[1]: Leaving directory `/home/xaqq/wott/server/source/build/CMakeFiles/CMakeTmp'
make[1]: *** [CMakeFiles/cmTryCompileExec680070061.dir/CheckSymbolExists.cxx.o] Error 1
make: *** [cmTryCompileExec680070061/fast] Error 2

File /home/xaqq/wott/server/source/build/CMakeFiles/CMakeTmp/CheckSymbolExists.cxx:
/* */
#include <QtCore/qglobal.h>

int main(int argc, char** argv)
{
  (void)argv;
#ifndef Q_WS_QWS
  return ((int*)(&Q_WS_QWS))[argc];
#else
  (void)argc;
  return 0;
#endif
}

Determining if the Q_WS_MAC exist failed with the following output:
Change Dir: /home/xaqq/wott/server/source/build/CMakeFiles/CMakeTmp

Run Build Command:/usr/bin/make "cmTryCompileExec3152269112/fast"
/usr/bin/make -f CMakeFiles/cmTryCompileExec3152269112.dir/build.make CMakeFiles/cmTryCompileExec3152269112.dir/build
make[1]: Entering directory `/home/xaqq/wott/server/source/build/CMakeFiles/CMakeTmp'
/usr/bin/cmake -E cmake_progress_report /home/xaqq/wott/server/source/build/CMakeFiles/CMakeTmp/CMakeFiles 1
Building CXX object CMakeFiles/cmTryCompileExec3152269112.dir/CheckSymbolExists.cxx.o
/usr/bin/c++    -I/usr/include/qt4    -o CMakeFiles/cmTryCompileExec3152269112.dir/CheckSymbolExists.cxx.o -c /home/xaqq/wott/server/source/build/CMakeFiles/CMakeTmp/CheckSymbolExists.cxx
/home/xaqq/wott/server/source/build/CMakeFiles/CMakeTmp/CheckSymbolExists.cxx: In function ‘int main(int, char**)’:
/home/xaqq/wott/server/source/build/CMakeFiles/CMakeTmp/CheckSymbolExists.cxx:8:19: error: ‘Q_WS_MAC’ was not declared in this scope
make[1]: Leaving directory `/home/xaqq/wott/server/source/build/CMakeFiles/CMakeTmp'
make[1]: *** [CMakeFiles/cmTryCompileExec3152269112.dir/CheckSymbolExists.cxx.o] Error 1
make: *** [cmTryCompileExec3152269112/fast] Error 2

File /home/xaqq/wott/server/source/build/CMakeFiles/CMakeTmp/CheckSymbolExists.cxx:
/* */
#include <QtCore/qglobal.h>

int main(int argc, char** argv)
{
  (void)argv;
#ifndef Q_WS_MAC
  return ((int*)(&Q_WS_MAC))[argc];
#else
  (void)argc;
  return 0;
#endif
}

